BOOT!


Numbers:

        -0.760171
        -1.413125
        -0.650947
        -6.772441
        -0.512247
        0.572749
        0.533825
        2.239469
        1.940720
        0.177087
        -4.461817
        -1.115442
        0.979749
        -0.360266
        0.153807
        1.672976
        -0.198113
        -35.407265
        0.657566
        0.807017
        -1.832048
        -1.018118
        -0.015278
        0.500556
        0.390231
        0.656332
        0.597605
        0.301119
        -0.211163
        -1.338145
        1.068301
        -1.743102
        -1.066976
        -0.625152
        -1.021664
        -0.393671
        -1.029602
        -2.954473
        -0.925845
        1.267446
        0.388313
        -10.840719
        -0.047323
        0.831604
        0.156704
        0.423054
        -0.662357
        -36.890591
        1.086042
        0.261363
        0.499533
        0.477861
        -0.389227
        -0.560708
        -1.843850
        -0.570283
        5.139425
        -0.645099
        -0.397053
        2.391408
        0.327730
        0.701338
        -0.962319
        3.940225
        0.987237
        -1.084279
        -0.092039
        0.837825
        0.532345
        -0.754657
        -1.425440
        -0.595338
        -2.846053
        6.057035
        0.870124
        -1.099209
        34.087357
        -3.034815
        -0.351912
        0.048136
        -0.006129
        0.781199
        0.873056
        0.049277
        -1.163260
        0.170173
        1.428249
        0.347077
        -0.850094
        5.813938
        0.553523
        1.727165
        2.609643
        -5.772550
        0.761788
        -0.704501
        1.269861
        -5.874987
        0.229337
        -0.657843
        -0.964150
        -0.572169
        0.672161
        -1.774257
        0.720290
        -1.977942
        1.150786
        0.635658
        -0.892072
        -0.867341
        -2.680955
        0.683295
        2.350155
        -1.645414
        1.346893
        -0.487986
        14.360723
        2.709885
        -0.230386
        0.714516
        -67.864502
        1.000982
        20.330904
        2.628310
        -0.619569
        -0.717098
        -1.060064
        0.197101
        -0.844271
        3.242504
        -15.185435
        -1.050352
        -0.424104
        -0.576704
        -0.891714
        -2.489360
        0.340285
        -0.883773
        -1.514635
        -1.920401
        0.131821
        0.829233
        -2.509508
        0.506879
        0.269767
        -10.840442
        1.806425
        0.690031
        -1.069583
        2.246431
        0.404657
        -7.190277
        1.831571
        0.917926
        -1.928567
        -2.643904
        -0.813457
        -0.248667
        -0.496366
        0.457659
        -3.089588
        2.795196
        1.116507
        -26.540462
        -1.041189
        0.047028
        1.669762
        -1.759284
        1.068450
        -0.238651
        0.683196
        0.649690
        -0.984563
        41.429321
        -1.015027
        -4.715274
        -0.990730
        -1.314161
        -2.551919
        -1.253841
        4.568236
        0.484385
        0.373971
        -2.165660
        0.904191
        -0.475169
        1.164155
        -0.761149
        -0.348768
        -1.157512
        2.170434
        -0.427984
        0.365044
        1.019305
        1.066783
        1.395162
        1.101628
        5.373728
        -1.899938
        -0.101476
        1.697310
        0.571640
        -0.779806
        -12.009890
        -1.353206
        -0.233517
        1.132701
        -0.076185
        4.404322
        0.128888
        0.913461
        -0.356745
        -0.736253
        -0.872368
        -0.499860
        1.694311
        2.835699
        2.010790
        0.800220
        -4.428586
        2.284304
        1.069979
        -0.809721
        3.423915
        -0.238855
        2.166188
        -2.560615
        1.050760
        0.859422
        -0.488768
        -1.841413
        0.010679
        1.354526
        -1.395609
        3.506021
        0.998208
        -0.527682
        99.951591
        5.146434
        10.569467
        2.277670
        -0.522133
        1.754021
        1.124915
        3.921271
        -1.906932
        -1428.203247
        0.422546
        -2.258742
        1.003587
max: 100.0
min: -1428.2
avg: -5.66
